<?xml version="1.0" encoding="UTF-8"?>
<testng-results ignored="0" total="0" passed="0" failed="0" skipped="0">
  <reporter-output>
  </reporter-output>
  <suite started-at="2022-05-22T02:12:47 SAST" name="testcases.FirstTest" finished-at="2022-05-22T02:12:47 SAST" duration-ms="61">
    <groups>
    </groups>
    <test started-at="2022-05-22T02:12:47 SAST" name="Command line test" finished-at="2022-05-22T02:12:47 SAST" duration-ms="61">
    </test> <!-- Command line test -->
  </suite> <!-- testcases.FirstTest -->
</testng-results>
